<?xml version="1.0" encoding="UTF-8"?>
<testsuite name="vendingmachine.CoinSetTest" tests="5" skipped="0" failures="0" errors="0" timestamp="2021-05-30T14:42:51" hostname="pysui-MacBookPro.local" time="0.128">
  <properties/>
  <testcase name="동전을_생성한다()" classname="vendingmachine.CoinSetTest" time="0.064"/>
  <testcase name="[1] 500, _500_COIN" classname="vendingmachine.CoinSetTest" time="0.02"/>
  <testcase name="[2] 100, _100_COIN" classname="vendingmachine.CoinSetTest" time="0.002"/>
  <testcase name="[3] 50, _50_COIN" classname="vendingmachine.CoinSetTest" time="0.001"/>
  <testcase name="[4] 10, _10_COIN" classname="vendingmachine.CoinSetTest" time="0.001"/>
  <system-out><![CDATA[]]></system-out>
  <system-err><![CDATA[]]></system-err>
</testsuite>
