<?xml version="1.0" encoding="UTF-8"?>
<testsuite name="vendingmachine.VendingMachineTest" tests="4" skipped="1" failures="0" errors="0" timestamp="2021-05-30T08:26:23" hostname="pysui-MacBookPro.local" time="0.098">
  <properties/>
  <testcase name="자판기에_500원을_넣으면_500원이_들어있음을_알_수_있다" classname="vendingmachine.VendingMachineTest" time="0.086"/>
  <testcase name="자판기에_1000원을_넣으면_1000원이_들어있음을_알_수_있다" classname="vendingmachine.VendingMachineTest" time="0.001"/>
  <testcase name="_1000원이_들이있는_자판기에_500원을_넣으면_1500원이_들어있음을_알_수_있다()" classname="vendingmachine.VendingMachineTest" time="0.0">
    <skipped/>
  </testcase>
  <testcase name="자판기_생성()" classname="vendingmachine.VendingMachineTest" time="0.005"/>
  <system-out><![CDATA[]]></system-out>
  <system-err><![CDATA[]]></system-err>
</testsuite>
