<?xml version="1.0" encoding="UTF-8"?>
<testsuite name="vendingmachine.ChangesTest" tests="8" skipped="0" failures="0" errors="0" timestamp="2021-06-02T14:30:31" hostname="pysui-MacBookPro.local" time="0.13">
  <properties/>
  <testcase name="1000원이 남아 있다면 500원 동전 2개를 돌려준다." classname="vendingmachine.ChangesTest" time="0.051"/>
  <testcase name="20원이 남아 있다면 10원 동전 2개를 돌려준다." classname="vendingmachine.ChangesTest" time="0.0"/>
  <testcase name="600원이 남아 있다면 500원 동전 1개와 100원 1개를 돌려준다." classname="vendingmachine.ChangesTest" time="0.0"/>
  <testcase name="650원이 남아 있다면 500원 동전 1개와 100원 동전 1개와 50원 동전 1개를 돌려준다." classname="vendingmachine.ChangesTest" time="0.0"/>
  <testcase name="[1] 10, _10_COIN" classname="vendingmachine.ChangesTest" time="0.023"/>
  <testcase name="[2] 50, _50_COIN" classname="vendingmachine.ChangesTest" time="0.001"/>
  <testcase name="[3] 100, _100_COIN" classname="vendingmachine.ChangesTest" time="0.002"/>
  <testcase name="[4] 500, _500_COIN" classname="vendingmachine.ChangesTest" time="0.0"/>
  <system-out><![CDATA[]]></system-out>
  <system-err><![CDATA[]]></system-err>
</testsuite>
